<?xml version="1.0" encoding="UTF-8" ?>
<testsuite errors="0" failures="0" hostname="localhost" name="info.semanticsoftware.lodexporter.LODeXporterTest" tests="6" time="5.384" timestamp="2017-10-03T15:17:41">
  <properties>
[...]
</properties>
  <testcase classname="info.semanticsoftware.lodexporter.LODeXporterTest" name="testGetCustomURI" time="1.971" />
  <testcase classname="info.semanticsoftware.lodexporter.LODeXporterTest" name="testInitConflict" time="0.007" />
  <testcase classname="info.semanticsoftware.lodexporter.LODeXporterTest" name="testRunPR" time="0.304" />
  <testcase classname="info.semanticsoftware.lodexporter.LODeXporterTest" name="testInitFail" time="0.001" />
  <testcase classname="info.semanticsoftware.lodexporter.LODeXporterTest" name="testGetMappingFile" time="0.047" />
  <testcase classname="info.semanticsoftware.lodexporter.LODeXporterTest" name="testReInit" time="0.086" />
  <system-out><![CDATA[11:17:41 WARN  gate.Gate.initLocalPaths(Gate.java:253)                          : GATE home system property ("gate.home") not set.
Attempting to guess...
11:17:41 WARN  gate.Gate.initLocalPaths(Gate.java:273)                          : Using "/usr/local/durmtools/GATE_SVN/gate" as GATE Home.
If this is not correct please set it manually using the -Dgate.home option in your start-up script
11:17:41 INFO  gate.Gate.initLocalPaths(Gate.java:284)                          : Using /usr/local/durmtools/GATE_SVN/gate as GATE home
11:17:41 INFO  gate.Gate.initLocalPaths(Gate.java:308)                          : Using /usr/local/durmtools/GATE_SVN/gate/plugins as installed plug-ins directory.
11:17:41 INFO  gate.Gate.initLocalPaths(Gate.java:331)                          : Using /usr/local/durmtools/GATE_SVN/gate/gate.xml as site configuration file.
11:17:41 INFO  gate.Gate.initLocalPaths(Gate.java:343)                          : Using /home/rene/.gate.xml as user configuration file
11:17:41 INFO  gate.Gate.initLocalPaths(Gate.java:356)                          : Using /home/rene/.gate.session as user session file
11:17:43 WARN  gate.util.GateClassLoader.loadClass(GateClassLoader.java:187)    : info.semanticsoftware.lodexporter.LODeXporter is available via both the system classpath and a plugin; the plugin classes will be ignored
11:17:43 INFO  eoleRegisterImpl.registerDirectories(CreoleRegisterImpl.java:295): CREOLE plugin loaded: file:/home/rene/Repository/github/LODeXporter/
11:17:43 DEBUG manticsoftware.lodexporter.LODeXporter.init(LODeXporter.java:275): LODeXporter loaded!
11:17:44 DEBUG porter.tdb.TDBTripleStoreImpl.connect(TDBTripleStoreImpl.java:98): [connect] Memory-based Dataset is now: org.apache.jena.sparql.core.DatasetImpl@91cdfb7
11:17:44 DEBUG manticsoftware.lodexporter.LODeXporter.init(LODeXporter.java:286): [init] created memory-backed dataset with mapping rules from file:/home/rene/Repository/github/LODeXporter/resources/mapping.rdf
11:17:44 WARN  andlerFactory$ErrorLogger.logWarning(ErrorHandlerFactory.java:92): [line: 10, col: 43] {W107} Bad URI: <map:Mapping> Code: 44/UNREGISTERED_IANA_SCHEME in SCHEME: The scheme name does not have a "-" in it, but is not in the IANA registry. (Last updated from the registry January 2006)
11:17:44 WARN  andlerFactory$ErrorLogger.logWarning(ErrorHandlerFactory.java:92): [line: 11, col: 45] {W107} Bad URI: <dcterms:chunk> Code: 44/UNREGISTERED_IANA_SCHEME in SCHEME: The scheme name does not have a "-" in it, but is not in the IANA registry. (Last updated from the registry January 2006)
11:17:44 WARN  andlerFactory$ErrorLogger.logWarning(ErrorHandlerFactory.java:92): [line: 16, col: 43] {W107} Bad URI: <map:Mapping> Code: 44/UNREGISTERED_IANA_SCHEME in SCHEME: The scheme name does not have a "-" in it, but is not in the IANA registry. (Last updated from the registry January 2006)
11:17:44 WARN  andlerFactory$ErrorLogger.logWarning(ErrorHandlerFactory.java:92): [line: 17, col: 45] {W107} Bad URI: <dcterms:start> Code: 44/UNREGISTERED_IANA_SCHEME in SCHEME: The scheme name does not have a "-" in it, but is not in the IANA registry. (Last updated from the registry January 2006)
11:17:44 WARN  andlerFactory$ErrorLogger.logWarning(ErrorHandlerFactory.java:92): [line: 22, col: 43] {W107} Bad URI: <map:Mapping> Code: 44/UNREGISTERED_IANA_SCHEME in SCHEME: The scheme name does not have a "-" in it, but is not in the IANA registry. (Last updated from the registry January 2006)
11:17:44 WARN  andlerFactory$ErrorLogger.logWarning(ErrorHandlerFactory.java:92): [line: 23, col: 43] {W107} Bad URI: <foaf:gender> Code: 44/UNREGISTERED_IANA_SCHEME in SCHEME: The scheme name does not have a "-" in it, but is not in the IANA registry. (Last updated from the registry January 2006)
11:17:44 WARN  andlerFactory$ErrorLogger.logWarning(ErrorHandlerFactory.java:92): [line: 28, col: 43] {W107} Bad URI: <map:Mapping> Code: 44/UNREGISTERED_IANA_SCHEME in SCHEME: The scheme name does not have a "-" in it, but is not in the IANA registry. (Last updated from the registry January 2006)
11:17:44 WARN  andlerFactory$ErrorLogger.logWarning(ErrorHandlerFactory.java:92): [line: 33, col: 43] {W107} Bad URI: <foaf:Person> Code: 44/UNREGISTERED_IANA_SCHEME in SCHEME: The scheme name does not have a "-" in it, but is not in the IANA registry. (Last updated from the registry January 2006)
11:17:44 WARN  andlerFactory$ErrorLogger.logWarning(ErrorHandlerFactory.java:92): [line: 38, col: 43] {W107} Bad URI: <map:Mapping> Code: 44/UNREGISTERED_IANA_SCHEME in SCHEME: The scheme name does not have a "-" in it, but is not in the IANA registry. (Last updated from the registry January 2006)
11:17:44 WARN  andlerFactory$ErrorLogger.logWarning(ErrorHandlerFactory.java:92): [line: 40, col: 49] {W107} Bad URI: <foaf:Organization> Code: 44/UNREGISTERED_IANA_SCHEME in SCHEME: The scheme name does not have a "-" in it, but is not in the IANA registry. (Last updated from the registry January 2006)
11:17:44 WARN  andlerFactory$ErrorLogger.logWarning(ErrorHandlerFactory.java:92): [line: 45, col: 43] {W107} Bad URI: <map:Mapping> Code: 44/UNREGISTERED_IANA_SCHEME in SCHEME: The scheme name does not have a "-" in it, but is not in the IANA registry. (Last updated from the registry January 2006)
11:17:44 WARN  andlerFactory$ErrorLogger.logWarning(ErrorHandlerFactory.java:92): [line: 48, col: 45] {W107} Bad URI: <foaf:Location> Code: 44/UNREGISTERED_IANA_SCHEME in SCHEME: The scheme name does not have a "-" in it, but is not in the IANA registry. (Last updated from the registry January 2006)
11:17:44 DEBUG leStoreImpl.loadMappingRulesFromFile(TDBTripleStoreImpl.java:108): [loadRules] Finished loading mapping rules from file:/home/rene/Repository/github/LODeXporter/resources/mapping.rdf
11:17:45 DEBUG BTripleStoreImpl.populateSubjectHash(TDBTripleStoreImpl.java:239): ----- SUBJECT MAPLIST: {file:///home/rene/Repository/github/LODeXporter/resources/GATEAnnoLocation=rule= file:///home/rene/Repository/github/LODeXporter/resources/GATEAnnoLocation , type= foaf:Location , GATEType= Location URI=http://semanticsoftware.info/lodexporter/, file:///home/rene/Repository/github/LODeXporter/resources/GATEAnnoOrganization=rule= file:///home/rene/Repository/github/LODeXporter/resources/GATEAnnoOrganization , type= foaf:Organization , GATEType= Organization URI=http://semanticsoftware.info/lodexporter/, file:///home/rene/Repository/github/LODeXporter/resources/GATEAnnoPerson=rule= file:///home/rene/Repository/github/LODeXporter/resources/GATEAnnoPerson , type= foaf:Person , GATEType= Person URI=http://semanticsoftware.info/lodexporter/}
11:17:45 DEBUG pleStoreImpl.populatePropertyMapList(TDBTripleStoreImpl.java:296): ----- PROPERTY HASHMAP:{file:///home/rene/Repository/github/LODeXporter/resources/GATEAnnoLocation=[rule= file:///home/rene/Repository/github/LODeXporter/resources/GATEAnnoLocation , type= http://purl.org/dc/terms/chunk , GATEType= Location GATEfeature=null GATEattribute=content], file:///home/rene/Repository/github/LODeXporter/resources/GATEAnnoPerson=[rule= file:///home/rene/Repository/github/LODeXporter/resources/GATEAnnoPerson , type= http://purl.org/dc/terms/chunk , GATEType= Person GATEfeature=null GATEattribute=content, rule= file:///home/rene/Repository/github/LODeXporter/resources/GATEAnnoPerson , type= http://purl.org/dc/terms/start , GATEType= Person GATEfeature=null GATEattribute=startOffset, rule= file:///home/rene/Repository/github/LODeXporter/resources/GATEAnnoPerson , type= http://xmlns.com/foaf/0.1/gender , GATEType= Person GATEfeature=gender GATEattribute=null]}
11:17:45 DEBUG pleStoreImpl.populateRelationMapList(TDBTripleStoreImpl.java:358): ----- RELATION HASHMAP:{}
11:17:45 DEBUG manticsoftware.lodexporter.LODeXporter.init(LODeXporter.java:275): LODeXporter loaded!
 ----------- testRunPR() -------------
11:17:45 DEBUG manticsoftware.lodexporter.LODeXporter.init(LODeXporter.java:275): LODeXporter loaded!
11:17:45 DEBUG porter.tdb.TDBTripleStoreImpl.connect(TDBTripleStoreImpl.java:98): [connect] Memory-based Dataset is now: org.apache.jena.sparql.core.DatasetImpl@34144ac
11:17:45 DEBUG manticsoftware.lodexporter.LODeXporter.init(LODeXporter.java:286): [init] created memory-backed dataset with mapping rules from file:/home/rene/Repository/github/LODeXporter/resources/mapping.rdf
11:17:45 WARN  andlerFactory$ErrorLogger.logWarning(ErrorHandlerFactory.java:92): [line: 10, col: 43] {W107} Bad URI: <map:Mapping> Code: 44/UNREGISTERED_IANA_SCHEME in SCHEME: The scheme name does not have a "-" in it, but is not in the IANA registry. (Last updated from the registry January 2006)
11:17:45 WARN  andlerFactory$ErrorLogger.logWarning(ErrorHandlerFactory.java:92): [line: 11, col: 45] {W107} Bad URI: <dcterms:chunk> Code: 44/UNREGISTERED_IANA_SCHEME in SCHEME: The scheme name does not have a "-" in it, but is not in the IANA registry. (Last updated from the registry January 2006)
11:17:45 WARN  andlerFactory$ErrorLogger.logWarning(ErrorHandlerFactory.java:92): [line: 16, col: 43] {W107} Bad URI: <map:Mapping> Code: 44/UNREGISTERED_IANA_SCHEME in SCHEME: The scheme name does not have a "-" in it, but is not in the IANA registry. (Last updated from the registry January 2006)
11:17:45 WARN  andlerFactory$ErrorLogger.logWarning(ErrorHandlerFactory.java:92): [line: 17, col: 45] {W107} Bad URI: <dcterms:start> Code: 44/UNREGISTERED_IANA_SCHEME in SCHEME: The scheme name does not have a "-" in it, but is not in the IANA registry. (Last updated from the registry January 2006)
11:17:45 WARN  andlerFactory$ErrorLogger.logWarning(ErrorHandlerFactory.java:92): [line: 22, col: 43] {W107} Bad URI: <map:Mapping> Code: 44/UNREGISTERED_IANA_SCHEME in SCHEME: The scheme name does not have a "-" in it, but is not in the IANA registry. (Last updated from the registry January 2006)
11:17:45 WARN  andlerFactory$ErrorLogger.logWarning(ErrorHandlerFactory.java:92): [line: 23, col: 43] {W107} Bad URI: <foaf:gender> Code: 44/UNREGISTERED_IANA_SCHEME in SCHEME: The scheme name does not have a "-" in it, but is not in the IANA registry. (Last updated from the registry January 2006)
11:17:45 WARN  andlerFactory$ErrorLogger.logWarning(ErrorHandlerFactory.java:92): [line: 28, col: 43] {W107} Bad URI: <map:Mapping> Code: 44/UNREGISTERED_IANA_SCHEME in SCHEME: The scheme name does not have a "-" in it, but is not in the IANA registry. (Last updated from the registry January 2006)
11:17:45 WARN  andlerFactory$ErrorLogger.logWarning(ErrorHandlerFactory.java:92): [line: 33, col: 43] {W107} Bad URI: <foaf:Person> Code: 44/UNREGISTERED_IANA_SCHEME in SCHEME: The scheme name does not have a "-" in it, but is not in the IANA registry. (Last updated from the registry January 2006)
11:17:45 WARN  andlerFactory$ErrorLogger.logWarning(ErrorHandlerFactory.java:92): [line: 38, col: 43] {W107} Bad URI: <map:Mapping> Code: 44/UNREGISTERED_IANA_SCHEME in SCHEME: The scheme name does not have a "-" in it, but is not in the IANA registry. (Last updated from the registry January 2006)
11:17:45 WARN  andlerFactory$ErrorLogger.logWarning(ErrorHandlerFactory.java:92): [line: 40, col: 49] {W107} Bad URI: <foaf:Organization> Code: 44/UNREGISTERED_IANA_SCHEME in SCHEME: The scheme name does not have a "-" in it, but is not in the IANA registry. (Last updated from the registry January 2006)
11:17:45 WARN  andlerFactory$ErrorLogger.logWarning(ErrorHandlerFactory.java:92): [line: 45, col: 43] {W107} Bad URI: <map:Mapping> Code: 44/UNREGISTERED_IANA_SCHEME in SCHEME: The scheme name does not have a "-" in it, but is not in the IANA registry. (Last updated from the registry January 2006)
11:17:45 WARN  andlerFactory$ErrorLogger.logWarning(ErrorHandlerFactory.java:92): [line: 48, col: 45] {W107} Bad URI: <foaf:Location> Code: 44/UNREGISTERED_IANA_SCHEME in SCHEME: The scheme name does not have a "-" in it, but is not in the IANA registry. (Last updated from the registry January 2006)
11:17:45 DEBUG leStoreImpl.loadMappingRulesFromFile(TDBTripleStoreImpl.java:108): [loadRules] Finished loading mapping rules from file:/home/rene/Repository/github/LODeXporter/resources/mapping.rdf
11:17:45 DEBUG BTripleStoreImpl.populateSubjectHash(TDBTripleStoreImpl.java:239): ----- SUBJECT MAPLIST: {file:///home/rene/Repository/github/LODeXporter/resources/GATEAnnoLocation=rule= file:///home/rene/Repository/github/LODeXporter/resources/GATEAnnoLocation , type= foaf:Location , GATEType= Location URI=http://semanticsoftware.info/lodexporter/, file:///home/rene/Repository/github/LODeXporter/resources/GATEAnnoOrganization=rule= file:///home/rene/Repository/github/LODeXporter/resources/GATEAnnoOrganization , type= foaf:Organization , GATEType= Organization URI=http://semanticsoftware.info/lodexporter/, file:///home/rene/Repository/github/LODeXporter/resources/GATEAnnoPerson=rule= file:///home/rene/Repository/github/LODeXporter/resources/GATEAnnoPerson , type= foaf:Person , GATEType= Person URI=http://semanticsoftware.info/lodexporter/}
11:17:45 DEBUG pleStoreImpl.populatePropertyMapList(TDBTripleStoreImpl.java:296): ----- PROPERTY HASHMAP:{file:///home/rene/Repository/github/LODeXporter/resources/GATEAnnoLocation=[rule= file:///home/rene/Repository/github/LODeXporter/resources/GATEAnnoLocation , type= http://purl.org/dc/terms/chunk , GATEType= Location GATEfeature=null GATEattribute=content], file:///home/rene/Repository/github/LODeXporter/resources/GATEAnnoPerson=[rule= file:///home/rene/Repository/github/LODeXporter/resources/GATEAnnoPerson , type= http://purl.org/dc/terms/chunk , GATEType= Person GATEfeature=null GATEattribute=content, rule= file:///home/rene/Repository/github/LODeXporter/resources/GATEAnnoPerson , type= http://purl.org/dc/terms/start , GATEType= Person GATEfeature=null GATEattribute=startOffset, rule= file:///home/rene/Repository/github/LODeXporter/resources/GATEAnnoPerson , type= http://xmlns.com/foaf/0.1/gender , GATEType= Person GATEfeature=gender GATEattribute=null]}
11:17:45 DEBUG pleStoreImpl.populateRelationMapList(TDBTripleStoreImpl.java:358): ----- RELATION HASHMAP:{}
11:17:45 INFO  r.tdb.TDBTripleStoreImpl.storeTriple(TDBTripleStoreImpl.java:474): Exported http://semanticsoftware.info/lodexporter/Corpus/null hasDocument http://home/rene/Repository/github/LODeXporter/test/resources
11:17:45 DEBUG ticsoftware.lodexporter.LODeXporter.execute(LODeXporter.java:382): Mapping Location with props: [rule= file:///home/rene/Repository/github/LODeXporter/resources/GATEAnnoLocation , type= http://purl.org/dc/terms/chunk , GATEType= Location GATEfeature=null GATEattribute=content] and relations null for rule: file:///home/rene/Repository/github/LODeXporter/resources/GATEAnnoLocation
11:17:45 DEBUG ticsoftware.lodexporter.LODeXporter.execute(LODeXporter.java:382): Mapping Organization with props: null and relations null for rule: file:///home/rene/Repository/github/LODeXporter/resources/GATEAnnoOrganization
11:17:45 DEBUG ticsoftware.lodexporter.LODeXporter.execute(LODeXporter.java:382): Mapping Person with props: [rule= file:///home/rene/Repository/github/LODeXporter/resources/GATEAnnoPerson , type= http://purl.org/dc/terms/chunk , GATEType= Person GATEfeature=null GATEattribute=content, rule= file:///home/rene/Repository/github/LODeXporter/resources/GATEAnnoPerson , type= http://purl.org/dc/terms/start , GATEType= Person GATEfeature=null GATEattribute=startOffset, rule= file:///home/rene/Repository/github/LODeXporter/resources/GATEAnnoPerson , type= http://xmlns.com/foaf/0.1/gender , GATEType= Person GATEfeature=gender GATEattribute=null] and relations null for rule: file:///home/rene/Repository/github/LODeXporter/resources/GATEAnnoPerson
11:17:46 DEBUG er.tdb.TDBTripleStoreImpl.disconnect(TDBTripleStoreImpl.java:119): [disconnect] Dataset is now: org.apache.jena.sparql.core.DatasetImpl@34144ac
11:17:46 DEBUG manticsoftware.lodexporter.LODeXporter.init(LODeXporter.java:275): LODeXporter loaded!
11:17:46 DEBUG porter.tdb.TDBTripleStoreImpl.connect(TDBTripleStoreImpl.java:98): [connect] Memory-based Dataset is now: org.apache.jena.sparql.core.DatasetImpl@51e74653
11:17:46 DEBUG manticsoftware.lodexporter.LODeXporter.init(LODeXporter.java:286): [init] created memory-backed dataset with mapping rules from file:/home/rene/Repository/github/LODeXporter/resources/mapping.rdf
11:17:46 WARN  andlerFactory$ErrorLogger.logWarning(ErrorHandlerFactory.java:92): [line: 10, col: 43] {W107} Bad URI: <map:Mapping> Code: 44/UNREGISTERED_IANA_SCHEME in SCHEME: The scheme name does not have a "-" in it, but is not in the IANA registry. (Last updated from the registry January 2006)
11:17:46 WARN  andlerFactory$ErrorLogger.logWarning(ErrorHandlerFactory.java:92): [line: 11, col: 45] {W107} Bad URI: <dcterms:chunk> Code: 44/UNREGISTERED_IANA_SCHEME in SCHEME: The scheme name does not have a "-" in it, but is not in the IANA registry. (Last updated from the registry January 2006)
11:17:46 WARN  andlerFactory$ErrorLogger.logWarning(ErrorHandlerFactory.java:92): [line: 16, col: 43] {W107} Bad URI: <map:Mapping> Code: 44/UNREGISTERED_IANA_SCHEME in SCHEME: The scheme name does not have a "-" in it, but is not in the IANA registry. (Last updated from the registry January 2006)
11:17:46 WARN  andlerFactory$ErrorLogger.logWarning(ErrorHandlerFactory.java:92): [line: 17, col: 45] {W107} Bad URI: <dcterms:start> Code: 44/UNREGISTERED_IANA_SCHEME in SCHEME: The scheme name does not have a "-" in it, but is not in the IANA registry. (Last updated from the registry January 2006)
11:17:46 WARN  andlerFactory$ErrorLogger.logWarning(ErrorHandlerFactory.java:92): [line: 22, col: 43] {W107} Bad URI: <map:Mapping> Code: 44/UNREGISTERED_IANA_SCHEME in SCHEME: The scheme name does not have a "-" in it, but is not in the IANA registry. (Last updated from the registry January 2006)
11:17:46 WARN  andlerFactory$ErrorLogger.logWarning(ErrorHandlerFactory.java:92): [line: 23, col: 43] {W107} Bad URI: <foaf:gender> Code: 44/UNREGISTERED_IANA_SCHEME in SCHEME: The scheme name does not have a "-" in it, but is not in the IANA registry. (Last updated from the registry January 2006)
11:17:46 WARN  andlerFactory$ErrorLogger.logWarning(ErrorHandlerFactory.java:92): [line: 28, col: 43] {W107} Bad URI: <map:Mapping> Code: 44/UNREGISTERED_IANA_SCHEME in SCHEME: The scheme name does not have a "-" in it, but is not in the IANA registry. (Last updated from the registry January 2006)
11:17:46 WARN  andlerFactory$ErrorLogger.logWarning(ErrorHandlerFactory.java:92): [line: 33, col: 43] {W107} Bad URI: <foaf:Person> Code: 44/UNREGISTERED_IANA_SCHEME in SCHEME: The scheme name does not have a "-" in it, but is not in the IANA registry. (Last updated from the registry January 2006)
11:17:46 WARN  andlerFactory$ErrorLogger.logWarning(ErrorHandlerFactory.java:92): [line: 38, col: 43] {W107} Bad URI: <map:Mapping> Code: 44/UNREGISTERED_IANA_SCHEME in SCHEME: The scheme name does not have a "-" in it, but is not in the IANA registry. (Last updated from the registry January 2006)
11:17:46 WARN  andlerFactory$ErrorLogger.logWarning(ErrorHandlerFactory.java:92): [line: 40, col: 49] {W107} Bad URI: <foaf:Organization> Code: 44/UNREGISTERED_IANA_SCHEME in SCHEME: The scheme name does not have a "-" in it, but is not in the IANA registry. (Last updated from the registry January 2006)
11:17:46 WARN  andlerFactory$ErrorLogger.logWarning(ErrorHandlerFactory.java:92): [line: 45, col: 43] {W107} Bad URI: <map:Mapping> Code: 44/UNREGISTERED_IANA_SCHEME in SCHEME: The scheme name does not have a "-" in it, but is not in the IANA registry. (Last updated from the registry January 2006)
11:17:46 WARN  andlerFactory$ErrorLogger.logWarning(ErrorHandlerFactory.java:92): [line: 48, col: 45] {W107} Bad URI: <foaf:Location> Code: 44/UNREGISTERED_IANA_SCHEME in SCHEME: The scheme name does not have a "-" in it, but is not in the IANA registry. (Last updated from the registry January 2006)
11:17:46 DEBUG leStoreImpl.loadMappingRulesFromFile(TDBTripleStoreImpl.java:108): [loadRules] Finished loading mapping rules from file:/home/rene/Repository/github/LODeXporter/resources/mapping.rdf
11:17:46 DEBUG BTripleStoreImpl.populateSubjectHash(TDBTripleStoreImpl.java:239): ----- SUBJECT MAPLIST: {file:///home/rene/Repository/github/LODeXporter/resources/GATEAnnoLocation=rule= file:///home/rene/Repository/github/LODeXporter/resources/GATEAnnoLocation , type= foaf:Location , GATEType= Location URI=http://semanticsoftware.info/lodexporter/, file:///home/rene/Repository/github/LODeXporter/resources/GATEAnnoOrganization=rule= file:///home/rene/Repository/github/LODeXporter/resources/GATEAnnoOrganization , type= foaf:Organization , GATEType= Organization URI=http://semanticsoftware.info/lodexporter/, file:///home/rene/Repository/github/LODeXporter/resources/GATEAnnoPerson=rule= file:///home/rene/Repository/github/LODeXporter/resources/GATEAnnoPerson , type= foaf:Person , GATEType= Person URI=http://semanticsoftware.info/lodexporter/}
11:17:46 DEBUG pleStoreImpl.populatePropertyMapList(TDBTripleStoreImpl.java:296): ----- PROPERTY HASHMAP:{file:///home/rene/Repository/github/LODeXporter/resources/GATEAnnoLocation=[rule= file:///home/rene/Repository/github/LODeXporter/resources/GATEAnnoLocation , type= http://purl.org/dc/terms/chunk , GATEType= Location GATEfeature=null GATEattribute=content], file:///home/rene/Repository/github/LODeXporter/resources/GATEAnnoPerson=[rule= file:///home/rene/Repository/github/LODeXporter/resources/GATEAnnoPerson , type= http://purl.org/dc/terms/chunk , GATEType= Person GATEfeature=null GATEattribute=content, rule= file:///home/rene/Repository/github/LODeXporter/resources/GATEAnnoPerson , type= http://purl.org/dc/terms/start , GATEType= Person GATEfeature=null GATEattribute=startOffset, rule= file:///home/rene/Repository/github/LODeXporter/resources/GATEAnnoPerson , type= http://xmlns.com/foaf/0.1/gender , GATEType= Person GATEfeature=gender GATEattribute=null]}
11:17:46 DEBUG pleStoreImpl.populateRelationMapList(TDBTripleStoreImpl.java:358): ----- RELATION HASHMAP:{}
11:17:46 DEBUG manticsoftware.lodexporter.LODeXporter.init(LODeXporter.java:275): LODeXporter loaded!
11:17:46 DEBUG manticsoftware.lodexporter.LODeXporter.init(LODeXporter.java:275): LODeXporter loaded!
11:17:46 DEBUG porter.tdb.TDBTripleStoreImpl.connect(TDBTripleStoreImpl.java:98): [connect] Memory-based Dataset is now: org.apache.jena.sparql.core.DatasetImpl@57ae95ca
11:17:46 DEBUG manticsoftware.lodexporter.LODeXporter.init(LODeXporter.java:286): [init] created memory-backed dataset with mapping rules from file:/home/rene/Repository/github/LODeXporter/resources/mapping.rdf
11:17:46 WARN  andlerFactory$ErrorLogger.logWarning(ErrorHandlerFactory.java:92): [line: 10, col: 43] {W107} Bad URI: <map:Mapping> Code: 44/UNREGISTERED_IANA_SCHEME in SCHEME: The scheme name does not have a "-" in it, but is not in the IANA registry. (Last updated from the registry January 2006)
11:17:46 WARN  andlerFactory$ErrorLogger.logWarning(ErrorHandlerFactory.java:92): [line: 11, col: 45] {W107} Bad URI: <dcterms:chunk> Code: 44/UNREGISTERED_IANA_SCHEME in SCHEME: The scheme name does not have a "-" in it, but is not in the IANA registry. (Last updated from the registry January 2006)
11:17:46 WARN  andlerFactory$ErrorLogger.logWarning(ErrorHandlerFactory.java:92): [line: 16, col: 43] {W107} Bad URI: <map:Mapping> Code: 44/UNREGISTERED_IANA_SCHEME in SCHEME: The scheme name does not have a "-" in it, but is not in the IANA registry. (Last updated from the registry January 2006)
11:17:46 WARN  andlerFactory$ErrorLogger.logWarning(ErrorHandlerFactory.java:92): [line: 17, col: 45] {W107} Bad URI: <dcterms:start> Code: 44/UNREGISTERED_IANA_SCHEME in SCHEME: The scheme name does not have a "-" in it, but is not in the IANA registry. (Last updated from the registry January 2006)
11:17:46 WARN  andlerFactory$ErrorLogger.logWarning(ErrorHandlerFactory.java:92): [line: 22, col: 43] {W107} Bad URI: <map:Mapping> Code: 44/UNREGISTERED_IANA_SCHEME in SCHEME: The scheme name does not have a "-" in it, but is not in the IANA registry. (Last updated from the registry January 2006)
11:17:46 WARN  andlerFactory$ErrorLogger.logWarning(ErrorHandlerFactory.java:92): [line: 23, col: 43] {W107} Bad URI: <foaf:gender> Code: 44/UNREGISTERED_IANA_SCHEME in SCHEME: The scheme name does not have a "-" in it, but is not in the IANA registry. (Last updated from the registry January 2006)
11:17:46 WARN  andlerFactory$ErrorLogger.logWarning(ErrorHandlerFactory.java:92): [line: 28, col: 43] {W107} Bad URI: <map:Mapping> Code: 44/UNREGISTERED_IANA_SCHEME in SCHEME: The scheme name does not have a "-" in it, but is not in the IANA registry. (Last updated from the registry January 2006)
11:17:46 WARN  andlerFactory$ErrorLogger.logWarning(ErrorHandlerFactory.java:92): [line: 33, col: 43] {W107} Bad URI: <foaf:Person> Code: 44/UNREGISTERED_IANA_SCHEME in SCHEME: The scheme name does not have a "-" in it, but is not in the IANA registry. (Last updated from the registry January 2006)
11:17:46 WARN  andlerFactory$ErrorLogger.logWarning(ErrorHandlerFactory.java:92): [line: 38, col: 43] {W107} Bad URI: <map:Mapping> Code: 44/UNREGISTERED_IANA_SCHEME in SCHEME: The scheme name does not have a "-" in it, but is not in the IANA registry. (Last updated from the registry January 2006)
11:17:46 WARN  andlerFactory$ErrorLogger.logWarning(ErrorHandlerFactory.java:92): [line: 40, col: 49] {W107} Bad URI: <foaf:Organization> Code: 44/UNREGISTERED_IANA_SCHEME in SCHEME: The scheme name does not have a "-" in it, but is not in the IANA registry. (Last updated from the registry January 2006)
11:17:46 WARN  andlerFactory$ErrorLogger.logWarning(ErrorHandlerFactory.java:92): [line: 45, col: 43] {W107} Bad URI: <map:Mapping> Code: 44/UNREGISTERED_IANA_SCHEME in SCHEME: The scheme name does not have a "-" in it, but is not in the IANA registry. (Last updated from the registry January 2006)
11:17:46 WARN  andlerFactory$ErrorLogger.logWarning(ErrorHandlerFactory.java:92): [line: 48, col: 45] {W107} Bad URI: <foaf:Location> Code: 44/UNREGISTERED_IANA_SCHEME in SCHEME: The scheme name does not have a "-" in it, but is not in the IANA registry. (Last updated from the registry January 2006)
11:17:46 DEBUG leStoreImpl.loadMappingRulesFromFile(TDBTripleStoreImpl.java:108): [loadRules] Finished loading mapping rules from file:/home/rene/Repository/github/LODeXporter/resources/mapping.rdf
11:17:46 DEBUG BTripleStoreImpl.populateSubjectHash(TDBTripleStoreImpl.java:239): ----- SUBJECT MAPLIST: {file:///home/rene/Repository/github/LODeXporter/resources/GATEAnnoLocation=rule= file:///home/rene/Repository/github/LODeXporter/resources/GATEAnnoLocation , type= foaf:Location , GATEType= Location URI=http://semanticsoftware.info/lodexporter/, file:///home/rene/Repository/github/LODeXporter/resources/GATEAnnoOrganization=rule= file:///home/rene/Repository/github/LODeXporter/resources/GATEAnnoOrganization , type= foaf:Organization , GATEType= Organization URI=http://semanticsoftware.info/lodexporter/, file:///home/rene/Repository/github/LODeXporter/resources/GATEAnnoPerson=rule= file:///home/rene/Repository/github/LODeXporter/resources/GATEAnnoPerson , type= foaf:Person , GATEType= Person URI=http://semanticsoftware.info/lodexporter/}
11:17:46 DEBUG pleStoreImpl.populatePropertyMapList(TDBTripleStoreImpl.java:296): ----- PROPERTY HASHMAP:{file:///home/rene/Repository/github/LODeXporter/resources/GATEAnnoLocation=[rule= file:///home/rene/Repository/github/LODeXporter/resources/GATEAnnoLocation , type= http://purl.org/dc/terms/chunk , GATEType= Location GATEfeature=null GATEattribute=content], file:///home/rene/Repository/github/LODeXporter/resources/GATEAnnoPerson=[rule= file:///home/rene/Repository/github/LODeXporter/resources/GATEAnnoPerson , type= http://purl.org/dc/terms/chunk , GATEType= Person GATEfeature=null GATEattribute=content, rule= file:///home/rene/Repository/github/LODeXporter/resources/GATEAnnoPerson , type= http://purl.org/dc/terms/start , GATEType= Person GATEfeature=null GATEattribute=startOffset, rule= file:///home/rene/Repository/github/LODeXporter/resources/GATEAnnoPerson , type= http://xmlns.com/foaf/0.1/gender , GATEType= Person GATEfeature=gender GATEattribute=null]}
11:17:46 DEBUG pleStoreImpl.populateRelationMapList(TDBTripleStoreImpl.java:358): ----- RELATION HASHMAP:{}
11:17:46 DEBUG rter.LODeXporterTest.testGetMappingFile(LODeXporterTest.java:160): file:/home/rene/Repository/github/LODeXporter/resources/mapping.rdf
11:17:46 DEBUG manticsoftware.lodexporter.LODeXporter.init(LODeXporter.java:275): LODeXporter loaded!
11:17:46 DEBUG porter.tdb.TDBTripleStoreImpl.connect(TDBTripleStoreImpl.java:98): [connect] Memory-based Dataset is now: org.apache.jena.sparql.core.DatasetImpl@5e039b4c
11:17:46 DEBUG manticsoftware.lodexporter.LODeXporter.init(LODeXporter.java:286): [init] created memory-backed dataset with mapping rules from file:/home/rene/Repository/github/LODeXporter/resources/mapping.rdf
11:17:46 WARN  andlerFactory$ErrorLogger.logWarning(ErrorHandlerFactory.java:92): [line: 10, col: 43] {W107} Bad URI: <map:Mapping> Code: 44/UNREGISTERED_IANA_SCHEME in SCHEME: The scheme name does not have a "-" in it, but is not in the IANA registry. (Last updated from the registry January 2006)
11:17:46 WARN  andlerFactory$ErrorLogger.logWarning(ErrorHandlerFactory.java:92): [line: 11, col: 45] {W107} Bad URI: <dcterms:chunk> Code: 44/UNREGISTERED_IANA_SCHEME in SCHEME: The scheme name does not have a "-" in it, but is not in the IANA registry. (Last updated from the registry January 2006)
11:17:46 WARN  andlerFactory$ErrorLogger.logWarning(ErrorHandlerFactory.java:92): [line: 16, col: 43] {W107} Bad URI: <map:Mapping> Code: 44/UNREGISTERED_IANA_SCHEME in SCHEME: The scheme name does not have a "-" in it, but is not in the IANA registry. (Last updated from the registry January 2006)
11:17:46 WARN  andlerFactory$ErrorLogger.logWarning(ErrorHandlerFactory.java:92): [line: 17, col: 45] {W107} Bad URI: <dcterms:start> Code: 44/UNREGISTERED_IANA_SCHEME in SCHEME: The scheme name does not have a "-" in it, but is not in the IANA registry. (Last updated from the registry January 2006)
11:17:46 WARN  andlerFactory$ErrorLogger.logWarning(ErrorHandlerFactory.java:92): [line: 22, col: 43] {W107} Bad URI: <map:Mapping> Code: 44/UNREGISTERED_IANA_SCHEME in SCHEME: The scheme name does not have a "-" in it, but is not in the IANA registry. (Last updated from the registry January 2006)
11:17:46 WARN  andlerFactory$ErrorLogger.logWarning(ErrorHandlerFactory.java:92): [line: 23, col: 43] {W107} Bad URI: <foaf:gender> Code: 44/UNREGISTERED_IANA_SCHEME in SCHEME: The scheme name does not have a "-" in it, but is not in the IANA registry. (Last updated from the registry January 2006)
11:17:46 WARN  andlerFactory$ErrorLogger.logWarning(ErrorHandlerFactory.java:92): [line: 28, col: 43] {W107} Bad URI: <map:Mapping> Code: 44/UNREGISTERED_IANA_SCHEME in SCHEME: The scheme name does not have a "-" in it, but is not in the IANA registry. (Last updated from the registry January 2006)
11:17:46 WARN  andlerFactory$ErrorLogger.logWarning(ErrorHandlerFactory.java:92): [line: 33, col: 43] {W107} Bad URI: <foaf:Person> Code: 44/UNREGISTERED_IANA_SCHEME in SCHEME: The scheme name does not have a "-" in it, but is not in the IANA registry. (Last updated from the registry January 2006)
11:17:46 WARN  andlerFactory$ErrorLogger.logWarning(ErrorHandlerFactory.java:92): [line: 38, col: 43] {W107} Bad URI: <map:Mapping> Code: 44/UNREGISTERED_IANA_SCHEME in SCHEME: The scheme name does not have a "-" in it, but is not in the IANA registry. (Last updated from the registry January 2006)
11:17:46 WARN  andlerFactory$ErrorLogger.logWarning(ErrorHandlerFactory.java:92): [line: 40, col: 49] {W107} Bad URI: <foaf:Organization> Code: 44/UNREGISTERED_IANA_SCHEME in SCHEME: The scheme name does not have a "-" in it, but is not in the IANA registry. (Last updated from the registry January 2006)
11:17:46 WARN  andlerFactory$ErrorLogger.logWarning(ErrorHandlerFactory.java:92): [line: 45, col: 43] {W107} Bad URI: <map:Mapping> Code: 44/UNREGISTERED_IANA_SCHEME in SCHEME: The scheme name does not have a "-" in it, but is not in the IANA registry. (Last updated from the registry January 2006)
11:17:46 WARN  andlerFactory$ErrorLogger.logWarning(ErrorHandlerFactory.java:92): [line: 48, col: 45] {W107} Bad URI: <foaf:Location> Code: 44/UNREGISTERED_IANA_SCHEME in SCHEME: The scheme name does not have a "-" in it, but is not in the IANA registry. (Last updated from the registry January 2006)
11:17:46 DEBUG leStoreImpl.loadMappingRulesFromFile(TDBTripleStoreImpl.java:108): [loadRules] Finished loading mapping rules from file:/home/rene/Repository/github/LODeXporter/resources/mapping.rdf
11:17:46 DEBUG BTripleStoreImpl.populateSubjectHash(TDBTripleStoreImpl.java:239): ----- SUBJECT MAPLIST: {file:///home/rene/Repository/github/LODeXporter/resources/GATEAnnoLocation=rule= file:///home/rene/Repository/github/LODeXporter/resources/GATEAnnoLocation , type= foaf:Location , GATEType= Location URI=http://semanticsoftware.info/lodexporter/, file:///home/rene/Repository/github/LODeXporter/resources/GATEAnnoOrganization=rule= file:///home/rene/Repository/github/LODeXporter/resources/GATEAnnoOrganization , type= foaf:Organization , GATEType= Organization URI=http://semanticsoftware.info/lodexporter/, file:///home/rene/Repository/github/LODeXporter/resources/GATEAnnoPerson=rule= file:///home/rene/Repository/github/LODeXporter/resources/GATEAnnoPerson , type= foaf:Person , GATEType= Person URI=http://semanticsoftware.info/lodexporter/}
11:17:46 DEBUG pleStoreImpl.populatePropertyMapList(TDBTripleStoreImpl.java:296): ----- PROPERTY HASHMAP:{file:///home/rene/Repository/github/LODeXporter/resources/GATEAnnoLocation=[rule= file:///home/rene/Repository/github/LODeXporter/resources/GATEAnnoLocation , type= http://purl.org/dc/terms/chunk , GATEType= Location GATEfeature=null GATEattribute=content], file:///home/rene/Repository/github/LODeXporter/resources/GATEAnnoPerson=[rule= file:///home/rene/Repository/github/LODeXporter/resources/GATEAnnoPerson , type= http://purl.org/dc/terms/chunk , GATEType= Person GATEfeature=null GATEattribute=content, rule= file:///home/rene/Repository/github/LODeXporter/resources/GATEAnnoPerson , type= http://purl.org/dc/terms/start , GATEType= Person GATEfeature=null GATEattribute=startOffset, rule= file:///home/rene/Repository/github/LODeXporter/resources/GATEAnnoPerson , type= http://xmlns.com/foaf/0.1/gender , GATEType= Person GATEfeature=gender GATEattribute=null]}
11:17:46 DEBUG pleStoreImpl.populateRelationMapList(TDBTripleStoreImpl.java:358): ----- RELATION HASHMAP:{}
11:17:46 DEBUG er.tdb.TDBTripleStoreImpl.disconnect(TDBTripleStoreImpl.java:119): [disconnect] Dataset is now: org.apache.jena.sparql.core.DatasetImpl@5e039b4c
11:17:46 DEBUG manticsoftware.lodexporter.LODeXporter.init(LODeXporter.java:275): LODeXporter loaded!
11:17:46 DEBUG porter.tdb.TDBTripleStoreImpl.connect(TDBTripleStoreImpl.java:98): [connect] Memory-based Dataset is now: org.apache.jena.sparql.core.DatasetImpl@53682316
11:17:46 DEBUG manticsoftware.lodexporter.LODeXporter.init(LODeXporter.java:286): [init] created memory-backed dataset with mapping rules from file:/home/rene/Repository/github/LODeXporter/resources/mapping.rdf
11:17:46 WARN  andlerFactory$ErrorLogger.logWarning(ErrorHandlerFactory.java:92): [line: 10, col: 43] {W107} Bad URI: <map:Mapping> Code: 44/UNREGISTERED_IANA_SCHEME in SCHEME: The scheme name does not have a "-" in it, but is not in the IANA registry. (Last updated from the registry January 2006)
11:17:46 WARN  andlerFactory$ErrorLogger.logWarning(ErrorHandlerFactory.java:92): [line: 11, col: 45] {W107} Bad URI: <dcterms:chunk> Code: 44/UNREGISTERED_IANA_SCHEME in SCHEME: The scheme name does not have a "-" in it, but is not in the IANA registry. (Last updated from the registry January 2006)
11:17:46 WARN  andlerFactory$ErrorLogger.logWarning(ErrorHandlerFactory.java:92): [line: 16, col: 43] {W107} Bad URI: <map:Mapping> Code: 44/UNREGISTERED_IANA_SCHEME in SCHEME: The scheme name does not have a "-" in it, but is not in the IANA registry. (Last updated from the registry January 2006)
11:17:46 WARN  andlerFactory$ErrorLogger.logWarning(ErrorHandlerFactory.java:92): [line: 17, col: 45] {W107} Bad URI: <dcterms:start> Code: 44/UNREGISTERED_IANA_SCHEME in SCHEME: The scheme name does not have a "-" in it, but is not in the IANA registry. (Last updated from the registry January 2006)
11:17:46 WARN  andlerFactory$ErrorLogger.logWarning(ErrorHandlerFactory.java:92): [line: 22, col: 43] {W107} Bad URI: <map:Mapping> Code: 44/UNREGISTERED_IANA_SCHEME in SCHEME: The scheme name does not have a "-" in it, but is not in the IANA registry. (Last updated from the registry January 2006)
11:17:46 WARN  andlerFactory$ErrorLogger.logWarning(ErrorHandlerFactory.java:92): [line: 23, col: 43] {W107} Bad URI: <foaf:gender> Code: 44/UNREGISTERED_IANA_SCHEME in SCHEME: The scheme name does not have a "-" in it, but is not in the IANA registry. (Last updated from the registry January 2006)
11:17:46 WARN  andlerFactory$ErrorLogger.logWarning(ErrorHandlerFactory.java:92): [line: 28, col: 43] {W107} Bad URI: <map:Mapping> Code: 44/UNREGISTERED_IANA_SCHEME in SCHEME: The scheme name does not have a "-" in it, but is not in the IANA registry. (Last updated from the registry January 2006)
11:17:46 WARN  andlerFactory$ErrorLogger.logWarning(ErrorHandlerFactory.java:92): [line: 33, col: 43] {W107} Bad URI: <foaf:Person> Code: 44/UNREGISTERED_IANA_SCHEME in SCHEME: The scheme name does not have a "-" in it, but is not in the IANA registry. (Last updated from the registry January 2006)
11:17:46 WARN  andlerFactory$ErrorLogger.logWarning(ErrorHandlerFactory.java:92): [line: 38, col: 43] {W107} Bad URI: <map:Mapping> Code: 44/UNREGISTERED_IANA_SCHEME in SCHEME: The scheme name does not have a "-" in it, but is not in the IANA registry. (Last updated from the registry January 2006)
11:17:46 WARN  andlerFactory$ErrorLogger.logWarning(ErrorHandlerFactory.java:92): [line: 40, col: 49] {W107} Bad URI: <foaf:Organization> Code: 44/UNREGISTERED_IANA_SCHEME in SCHEME: The scheme name does not have a "-" in it, but is not in the IANA registry. (Last updated from the registry January 2006)
11:17:46 WARN  andlerFactory$ErrorLogger.logWarning(ErrorHandlerFactory.java:92): [line: 45, col: 43] {W107} Bad URI: <map:Mapping> Code: 44/UNREGISTERED_IANA_SCHEME in SCHEME: The scheme name does not have a "-" in it, but is not in the IANA registry. (Last updated from the registry January 2006)
11:17:46 WARN  andlerFactory$ErrorLogger.logWarning(ErrorHandlerFactory.java:92): [line: 48, col: 45] {W107} Bad URI: <foaf:Location> Code: 44/UNREGISTERED_IANA_SCHEME in SCHEME: The scheme name does not have a "-" in it, but is not in the IANA registry. (Last updated from the registry January 2006)
11:17:46 DEBUG leStoreImpl.loadMappingRulesFromFile(TDBTripleStoreImpl.java:108): [loadRules] Finished loading mapping rules from file:/home/rene/Repository/github/LODeXporter/resources/mapping.rdf
11:17:46 DEBUG BTripleStoreImpl.populateSubjectHash(TDBTripleStoreImpl.java:239): ----- SUBJECT MAPLIST: {file:///home/rene/Repository/github/LODeXporter/resources/GATEAnnoLocation=rule= file:///home/rene/Repository/github/LODeXporter/resources/GATEAnnoLocation , type= foaf:Location , GATEType= Location URI=http://semanticsoftware.info/lodexporter/, file:///home/rene/Repository/github/LODeXporter/resources/GATEAnnoOrganization=rule= file:///home/rene/Repository/github/LODeXporter/resources/GATEAnnoOrganization , type= foaf:Organization , GATEType= Organization URI=http://semanticsoftware.info/lodexporter/, file:///home/rene/Repository/github/LODeXporter/resources/GATEAnnoPerson=rule= file:///home/rene/Repository/github/LODeXporter/resources/GATEAnnoPerson , type= foaf:Person , GATEType= Person URI=http://semanticsoftware.info/lodexporter/}
11:17:46 DEBUG pleStoreImpl.populatePropertyMapList(TDBTripleStoreImpl.java:296): ----- PROPERTY HASHMAP:{file:///home/rene/Repository/github/LODeXporter/resources/GATEAnnoLocation=[rule= file:///home/rene/Repository/github/LODeXporter/resources/GATEAnnoLocation , type= http://purl.org/dc/terms/chunk , GATEType= Location GATEfeature=null GATEattribute=content], file:///home/rene/Repository/github/LODeXporter/resources/GATEAnnoPerson=[rule= file:///home/rene/Repository/github/LODeXporter/resources/GATEAnnoPerson , type= http://purl.org/dc/terms/chunk , GATEType= Person GATEfeature=null GATEattribute=content, rule= file:///home/rene/Repository/github/LODeXporter/resources/GATEAnnoPerson , type= http://purl.org/dc/terms/start , GATEType= Person GATEfeature=null GATEattribute=startOffset, rule= file:///home/rene/Repository/github/LODeXporter/resources/GATEAnnoPerson , type= http://xmlns.com/foaf/0.1/gender , GATEType= Person GATEfeature=gender GATEattribute=null]}
11:17:46 DEBUG pleStoreImpl.populateRelationMapList(TDBTripleStoreImpl.java:358): ----- RELATION HASHMAP:{}
]]></system-out>
  <system-err><![CDATA[]]></system-err>
</testsuite>
